Raw Input: Array
(
    [email] => riski@gmail.com
    [password] => 12345
)

Email: riski@gmail.com
Password: 12345
Name: user
Email: user@gmail.com
Phone: 081299338856
KTP: 13464356854
Password: 12345
Address: 
Role: user
Raw Input: Array
(
    [email] => user@gmail.com
    [password] => 12345
)

Email: user@gmail.com
Password: 12345
Raw Input: Array
(
    [email] => user@gmail.com
    [password] => 12345
)

Email: user@gmail.com
Password: 12345
Name: Admin
Email: admin@gmail.com
Phone: 081277338845
KTP: 138428492847
Password: 12345
Address: Padang
Role: user
Raw Input: Array
(
    [email] => admin@gmail.com
    [password] => 12345
)

Email: admin@gmail.com
Password: 12345
Raw Input: Array
(
    [email] => riski@gmail.com
    [password] => 12345
)

Email: riski@gmail.com
Password: 12345
Raw Input: Array
(
    [email] => admin@gmail.com
    [password] => 12345
)

Email: admin@gmail.com
Password: 12345
Raw Input: Array
(
    [email] => admin@gmail.com
    [password] => 12345
)

Email: admin@gmail.com
Password: 12345
Raw Input: Array
(
    [email] => yuli@gmail.com
    [password] => 12345
)

Email: yuli@gmail.com
Password: 12345
Raw Input: Array
(
    [email] => yuli@gmail.com
    [password] => 12345
)

Email: yuli@gmail.com
Password: 12345
Raw Input: Array
(
    [email] => admin@gmail.com
    [password] => 12345
)

Email: admin@gmail.com
Password: 12345
Name: Test User
Email: testuser@gmail.com
Phone: 08129372845
KTP: 14928472894
Password: 12345
Address: Padang
Role: user
Raw Input: Array
(
    [email] => testuser@gmail.com
    [password] => 12345
)

Email: testuser@gmail.com
Password: 12345
Raw Input: Array
(
    [email] => admin@gmail.com
    [password] => 12345
)

Email: admin@gmail.com
Password: 12345
Raw Input: Array
(
    [email] => testuser@gmail.com
    [password] => 12345
)

Email: testuser@gmail.com
Password: 12345
Raw Input: Array
(
    [email] => yuli@gmail.com
    [password] => 12345
)

Email: yuli@gmail.com
Password: 12345
Raw Input: Array
(
    [email] => yuli@gmail.com
    [password] => 12345
)

Email: yuli@gmail.com
Password: 12345
Raw Input: Array
(
    [email] => yuli@gmail.com
    [password] => 12345
)

Email: yuli@gmail.com
Password: 12345
Raw Input: Array
(
    [email] => yuli@gmail.com
    [password] => 12345
)

Email: yuli@gmail.com
Password: 12345
Raw Input: Array
(
    [email] => yuli@gmail.com
    [password] => 12345
)

Email: yuli@gmail.com
Password: 12345
Raw Input: Array
(
    [email] => yuli@gmail.com
    [password] => 12345
)

Email: yuli@gmail.com
Password: 12345
Raw Input: Array
(
    [email] => yuli@gmail.com
    [password] => 12345
)

Email: yuli@gmail.com
Password: 12345
Raw Input: Array
(
    [email] => yuli@gmail.com
    [password] => 12345
)

Email: yuli@gmail.com
Password: 12345
Raw Input: Array
(
    [email] => yuli@gmail.com
    [password] => 12345
)

Email: yuli@gmail.com
Password: 12345
Raw Input: Array
(
    [email] => yuli@gmail.com
    [password] => 12345
)

Email: yuli@gmail.com
Password: 12345
Raw Input: Array
(
    [email] => yuli@gmail.com
    [password] => 12345
)

Email: yuli@gmail.com
Password: 12345
Raw Input: Array
(
    [email] => admin@gmail.com
    [password] => 12345
)

Email: admin@gmail.com
Password: 12345
Raw Input: Array
(
    [email] => yuli@gmail.com
    [password] => 12345
)

Email: yuli@gmail.com
Password: 12345
Raw Input: Array
(
    [email] => yuli@gmail.com
    [password] => 12345
)

Email: yuli@gmail.com
Password: 12345
Raw Input: Array
(
    [email] => yuli@gmail.com
    [password] => 12345
)

Email: yuli@gmail.com
Password: 12345
Raw Input: Array
(
    [email] => yuli@gmail.com
    [password] => 12345
)

Email: yuli@gmail.com
Password: 12345
Raw Input: Array
(
    [email] => yuli@gmail.com
    [password] => 12345
)

Email: yuli@gmail.com
Password: 12345
Raw Input: Array
(
    [email] => yuli@gmail.com
    [password] => 12345
)

Email: yuli@gmail.com
Password: 12345
Raw Input: Array
(
    [email] => yuli@gmail.com
    [password] => 12345
)

Email: yuli@gmail.com
Password: 12345
Raw Input: Array
(
    [email] => yuli@gmail.com
    [password] => 12345
)

Email: yuli@gmail.com
Password: 12345
Raw Input: Array
(
    [email] => testuser@gmail.com
    [password] => 12345
)

Email: testuser@gmail.com
Password: 12345
Raw Input: Array
(
    [email] => testuser@gmail.com
    [password] => 12345
)

Email: testuser@gmail.com
Password: 12345
Raw Input: Array
(
    [email] => yuli@gmail.com
    [password] => 12345
)

Email: yuli@gmail.com
Password: 12345
Raw Input: Array
(
    [email] => yuli@gmail.com
    [password] => 12345
)

Email: yuli@gmail.com
Password: 12345
Raw Input: Array
(
    [email] => yuli@gmail.com
    [password] => 12335
)

Email: yuli@gmail.com
Password: 12335
Raw Input: Array
(
    [email] => yuli@gmail.com
    [password] => 12345
)

Email: yuli@gmail.com
Password: 12345
Raw Input: Array
(
    [email] => yuli@gmail.com
    [password] => 12345
)

Email: yuli@gmail.com
Password: 12345
Raw Input: Array
(
    [email] => yuli@gmail.com
    [password] => 12345
)

Email: yuli@gmail.com
Password: 12345
Raw Input: Array
(
    [email] => yuli@gmail.com
    [password] => 12345
)

Email: yuli@gmail.com
Password: 12345
Raw Input: Array
(
    [email] => yuli@gmail.com
    [password] => 12345
)

Email: yuli@gmail.com
Password: 12345
Raw Input: Array
(
    [email] => yuli@gmail.com
    [password] => 12345
)

Email: yuli@gmail.com
Password: 12345
Raw Input: Array
(
    [email] => testuser@gmail.com
    [password] => 12345
)

Email: testuser@gmail.com
Password: 12345
Raw Input: Array
(
    [email] => yuli@gmail.com
    [password] => 12345
)

Email: yuli@gmail.com
Password: 12345
Raw Input: Array
(
    [email] => testuser@gmail.com
    [password] => 12345
)

Email: testuser@gmail.com
Password: 12345
Raw Input: Array
(
    [email] => testuser@gmail.com
    [password] => 12345
)

Email: testuser@gmail.com
Password: 12345
Raw Input: Array
(
    [email] => admin@gmail.com
    [password] => 12345
)

Email: admin@gmail.com
Password: 12345
Raw Input: Array
(
    [email] => admin@gmail.com
    [password] => 12345
)

Email: admin@gmail.com
Password: 12345
Raw Input: Array
(
    [email] => yuli@gmail.com
    [password] => 12345
)

Email: yuli@gmail.com
Password: 12345
Raw Input: Array
(
    [email] => testuser@gmail.com
    [password] => 12345
)

Email: testuser@gmail.com
Password: 12345
Raw Input: Array
(
    [email] => admin@gmail.com
    [password] => 12345
)

Email: admin@gmail.com
Password: 12345
Raw Input: Array
(
    [email] => admin@gmail.com
    [password] => 12345
)

Email: admin@gmail.com
Password: 12345
Raw Input: Array
(
    [email] => testuser@gmail.com
    [password] => 12345
)

Email: testuser@gmail.com
Password: 12345
Raw Input: Array
(
    [email] => testuser@gmail.com
    [password] => 12345
)

Email: testuser@gmail.com
Password: 12345
Raw Input: Array
(
    [email] => testuser@gmail.com
    [password] => 12345
)

Email: testuser@gmail.com
Password: 12345
Raw Input: Array
(
    [email] => testuser@gmail.com
    [password] => 12345
)

Email: testuser@gmail.com
Password: 12345
Raw Input: Array
(
    [email] => testuser@gmail.com
    [password] => 12345
)

Email: testuser@gmail.com
Password: 12345
Raw Input: Array
(
    [email] => testuser@gmail.com
    [password] => 12345
)

Email: testuser@gmail.com
Password: 12345
Raw Input: Array
(
    [email] => testuser@gmail.com
    [password] => 12345
)

Email: testuser@gmail.com
Password: 12345
Raw Input: Array
(
    [email] => yuli@gmail.com
    [password] => 12345
)

Email: yuli@gmail.com
Password: 12345
Raw Input: Array
(
    [email] => testuser@gmail.com
    [password] => 12345
)

Email: testuser@gmail.com
Password: 12345
Raw Input: Array
(
    [email] => yuli@gmail.com
    [password] => 12345
)

Email: yuli@gmail.com
Password: 12345
Raw Input: Array
(
    [email] => yuli@gmail.com
    [password] => 12345
)

Email: yuli@gmail.com
Password: 12345
Raw Input: Array
(
    [email] => yuli@gmail.com
    [password] => 12345
)

Email: yuli@gmail.com
Password: 12345
Raw Input: Array
(
    [email] => yuli@gmail.com
    [password] => 12345
)

Email: yuli@gmail.com
Password: 12345
Raw Input: Array
(
    [email] => yuli@gmail.com
    [password] => 12345
)

Email: yuli@gmail.com
Password: 12345
Raw Input: Array
(
    [email] => yuli@gmail.com
    [password] => 12345
)

Email: yuli@gmail.com
Password: 12345
Raw Input: Array
(
    [email] => testuser@gmail.com
    [password] => 12345
)

Email: testuser@gmail.com
Password: 12345
Raw Input: Array
(
    [email] => testuser@gmail.com
    [password] => 12345
)

Email: testuser@gmail.com
Password: 12345
Raw Input: Array
(
    [email] => testuser@gmail.com
    [password] => 12345
)

Email: testuser@gmail.com
Password: 12345
Raw Input: Array
(
    [email] => testuser@gmail.com
    [password] => 12345
)

Email: testuser@gmail.com
Password: 12345
Raw Input: Array
(
    [email] => testuser@gmail.com
    [password] => 12345
)

Email: testuser@gmail.com
Password: 12345
Raw Input: Array
(
    [email] => testuser@gmail.com
    [password] => 12345
)

Email: testuser@gmail.com
Password: 12345
Raw Input: Array
(
    [email] => testuser@gmail.com
    [password] => 12345
)

Email: testuser@gmail.com
Password: 12345
Raw Input: Array
(
    [email] => testuser@gmail.com
    [password] => 12345
)

Email: testuser@gmail.com
Password: 12345
Raw Input: Array
(
    [email] => testuser@gmail.com
    [password] => 12345
)

Email: testuser@gmail.com
Password: 12345
Raw Input: Array
(
    [email] => testuser@gmail.com
    [password] => 12345
)

Email: testuser@gmail.com
Password: 12345
Raw Input: Array
(
    [email] => testuser@gmail.com
    [password] => 12345
)

Email: testuser@gmail.com
Password: 12345
Raw Input: Array
(
    [email] => testuser@gmail.com
    [password] => 12345
)

Email: testuser@gmail.com
Password: 12345
Raw Input: Array
(
    [email] => testuser@gmail.com
    [password] => 12345
)

Email: testuser@gmail.com
Password: 12345
Raw Input: Array
(
    [email] => testuser@gmail.com
    [password] => 12345
)

Email: testuser@gmail.com
Password: 12345
Raw Input: Array
(
    [email] => testuser@gmail.com
    [password] => 12345
)

Email: testuser@gmail.com
Password: 12345
Raw Input: Array
(
    [email] => admin@gmail.com
    [password] => 12345
)

Email: admin@gmail.com
Password: 12345
Raw Input: Array
(
    [email] => testuser@gmail.com
    [password] => 1234
)

Email: testuser@gmail.com
Password: 1234
Raw Input: Array
(
    [email] => testuser@gmail.com
    [password] => 12345
)

Email: testuser@gmail.com
Password: 12345
Raw Input: Array
(
    [email] => testuser@gmail.com
    [password] => 1234
)

Email: testuser@gmail.com
Password: 1234
Raw Input: Array
(
    [email] => testuser@gmail.com
    [password] => 12345
)

Email: testuser@gmail.com
Password: 12345
Raw Input: Array
(
    [email] => testuser@gmail.com
    [password] => 12345
)

Email: testuser@gmail.com
Password: 12345
Raw Input: Array
(
    [email] => testuser@gmail.com
    [password] => 12345
)

Email: testuser@gmail.com
Password: 12345
Raw Input: Array
(
    [email] => testuser@gmail.com
    [password] => 12345
)

Email: testuser@gmail.com
Password: 12345
Raw Input: Array
(
    [email] => testuser@gmail.com
    [password] => 12345
)

Email: testuser@gmail.com
Password: 12345
Raw Input: Array
(
    [email] => testuser@gmail.com
    [password] => 12345
)

Email: testuser@gmail.com
Password: 12345
Raw Input: Array
(
    [email] => testuser@gmail.com
    [password] => 12345
)

Email: testuser@gmail.com
Password: 12345
Raw Input: Array
(
    [email] => testuser@gmail.com
    [password] => 12345
)

Email: testuser@gmail.com
Password: 12345
Raw Input: Array
(
    [email] => testuser@gmail.com
    [password] => 12345
)

Email: testuser@gmail.com
Password: 12345
Raw Input: Array
(
    [email] => testuser@gmail.com
    [password] => 12345
)

Email: testuser@gmail.com
Password: 12345
Raw Input: Array
(
    [email] => testuser@gmail.com
    [password] => 12345
)

Email: testuser@gmail.com
Password: 12345
Raw Input: Array
(
    [email] => testuser@gmail.com
    [password] => 12345
)

Email: testuser@gmail.com
Password: 12345
Raw Input: Array
(
    [email] => testuser@gmail.com
    [password] => 12345
)

Email: testuser@gmail.com
Password: 12345
Raw Input: Array
(
    [email] => testuser@gmail.com
    [password] => 12345
)

Email: testuser@gmail.com
Password: 12345
Raw Input: Array
(
    [email] => testuser@gmail.com
    [password] => 12345
)

Email: testuser@gmail.com
Password: 12345
Raw Input: Array
(
    [email] => testuser@gmail.com
    [password] => 12345
)

Email: testuser@gmail.com
Password: 12345
Raw Input: Array
(
    [email] => testuser@gmail.com
    [password] => 12345
)

Email: testuser@gmail.com
Password: 12345
Raw Input: Array
(
    [email] => testuser@gmail.com
    [password] => 12345
)

Email: testuser@gmail.com
Password: 12345
Raw Input: Array
(
    [email] => testuser@gmail.com
    [password] => 12345
)

Email: testuser@gmail.com
Password: 12345
Raw Input: Array
(
    [email] => testuser@gmail.com
    [password] => 12345
)

Email: testuser@gmail.com
Password: 12345
Raw Input: Array
(
    [email] => testuser@gmail.com
    [password] => 12345
)

Email: testuser@gmail.com
Password: 12345
Raw Input: Array
(
    [email] => testuser@gmail.com
    [password] => 12345
)

Email: testuser@gmail.com
Password: 12345
Raw Input: Array
(
    [email] => admin@gmail.com
    [password] => 12345
)

Email: admin@gmail.com
Password: 12345
Raw Input: Array
(
    [email] => admin@gmail.com
    [password] => 12345
)

Email: admin@gmail.com
Password: 12345
Raw Input: Array
(
    [email] => admin@gmail.com
    [password] => 12345
)

Email: admin@gmail.com
Password: 12345
Raw Input: Array
(
    [email] => admin@gmail.com
    [password] => 12345
)

Email: admin@gmail.com
Password: 12345
Raw Input: Array
(
    [email] => admin@gmail.com
    [password] => 12345
)

Email: admin@gmail.com
Password: 12345
Raw Input: Array
(
    [email] => admin@gmail.com
    [password] => 12345
)

Email: admin@gmail.com
Password: 12345
Raw Input: Array
(
    [email] => admin@gmail.com
    [password] => 12345
)

Email: admin@gmail.com
Password: 12345
Raw Input: Array
(
    [email] => admin@gmail.com
    [password] => 12345
)

Email: admin@gmail.com
Password: 12345
Raw Input: Array
(
    [email] => admin@gmail.com
    [password] => 12345
)

Email: admin@gmail.com
Password: 12345
Raw Input: Array
(
    [email] => admin@gmail.com
    [password] => 12345
)

Email: admin@gmail.com
Password: 12345
Raw Input: Array
(
    [email] => testuser@gmail.com
    [password] => 12345
)

Email: testuser@gmail.com
Password: 12345
Raw Input: Array
(
    [email] => admin@gmail.com
    [password] => 12345
)

Email: admin@gmail.com
Password: 12345
Raw Input: Array
(
    [email] => admin@gmail.com
    [password] => 12345
)

Email: admin@gmail.com
Password: 12345
Raw Input: Array
(
    [email] => admin@gmail.com
    [password] => 12345
)

Email: admin@gmail.com
Password: 12345
Raw Input: Array
(
    [email] => admin@gmail.com
    [password] => 12345
)

Email: admin@gmail.com
Password: 12345
Raw Input: Array
(
    [email] => admin@gmail.com
    [password] => 12345
)

Email: admin@gmail.com
Password: 12345
Raw Input: Array
(
    [email] => admin@gmail.com
    [password] => 12345
)

Email: admin@gmail.com
Password: 12345
Raw Input: Array
(
    [email] => admin@gmail.com
    [password] => 12345
)

Email: admin@gmail.com
Password: 12345
Raw Input: Array
(
    [email] => admin@gmail.com
    [password] => 12345
)

Email: admin@gmail.com
Password: 12345
Raw Input: Array
(
    [email] => admin@gmail.com
    [password] => 12345
)

Email: admin@gmail.com
Password: 12345
Raw Input: Array
(
    [email] => admin@gmail.com
    [password] => 12345
)

Email: admin@gmail.com
Password: 12345
Raw Input: Array
(
    [email] => admin@gmail.com
    [password] => 12345
)

Email: admin@gmail.com
Password: 12345
Raw Input: Array
(
    [email] => admin@gmail.com
    [password] => 12345
)

Email: admin@gmail.com
Password: 12345
Raw Input: Array
(
    [email] => admin@gmail.com
    [password] => 12345
)

Email: admin@gmail.com
Password: 12345
Raw Input: Array
(
    [email] => admin@gmail.com
    [password] => 12345
)

Email: admin@gmail.com
Password: 12345
Raw Input: Array
(
    [email] => admin@gmail.com
    [password] => 12345
)

Email: admin@gmail.com
Password: 12345
Raw Input: Array
(
    [email] => admin@gmail.com
    [password] => 12345
)

Email: admin@gmail.com
Password: 12345
Raw Input: Array
(
    [email] => admin@gmail.com
    [password] => 12345
)

Email: admin@gmail.com
Password: 12345
Raw Input: Array
(
    [email] => admin@gmail.com
    [password] => 12345
)

Email: admin@gmail.com
Password: 12345
Raw Input: Array
(
    [email] => yuli@gmail.com
    [password] => 12345
)

Email: yuli@gmail.com
Password: 12345
Data: Array
(
    [id] => 1
    [name] => yuliii
    [email] => yuli@gmail.com
    [phone] => 130283723902
    [ktp_number] => 081266673392
    [password] => 12345
    [address] => padang
    [role] => user
)

Raw Input: Array
(
    [email] => admin@gmail.com
    [password] => 12345
)

Email: admin@gmail.com
Password: 12345
Raw Input: Array
(
    [email] => yuli@gmail.com
    [password] => 12345
)

Email: yuli@gmail.com
Password: 12345
Data: Array
(
    [id] => 1
    [name] => yuli
    [email] => yuli@gmail.com
    [phone] => 081266673392
    [ktp_number] => 130283723902
    [password] => 12345
    [address] => padang
    [role] => user
)

Raw Input: Array
(
    [email] => yuli@gmail.com
    [password] => 12345
)

Email: yuli@gmail.com
Password: 12345
Name: Lili
Email: lili@gmail.com
Phone: 08127379173
KTP: 173828738282
Password: 12345
Address: padang
Role: user
Raw Input: Array
(
    [email] => lili@gmail.com
    [password] => 12345
)

Email: lili@gmail.com
Password: 12345
Raw Input: Array
(
    [email] => admin@gmail.com
    [password] => 12345
)

Email: admin@gmail.com
Password: 12345
Raw Input: Array
(
    [email] => admin@gmail.com
    [password] => 12345
)

Email: admin@gmail.com
Password: 12345
Raw Input: Array
(
    [email] => admin@gmail.com
    [password] => 12345
)

Email: admin@gmail.com
Password: 12345
Raw Input: Array
(
    [email] => admin@gmail.com
    [password] => 12345
)

Email: admin@gmail.com
Password: 12345
Raw Input: Array
(
    [email] => lili@gmail.com
    [password] => 12345
)

Email: lili@gmail.com
Password: 12345
Raw Input: Array
(
    [email] => admin@gmail.com
    [password] => 12345
)

Email: admin@gmail.com
Password: 12345
Data: Array
(
    [id] => 15
    [name] => Adminn
    [email] => admin@gmail.com
    [phone] => 081277338845
    [ktp_number] => 138428492847
    [password] => 12345
    [address] => Padang
    [role] => admin
)

Name: Yuli
Email: yuli@gmail.com
Phone: 08128372973
KTP: 17283792938
Password: 12345
Address: Padang
Role: user
Raw Input: Array
(
    [email] => yuli@gmail.com
    [password] => 12345
)

Email: yuli@gmail.com
Password: 12345
Raw Input: Array
(
    [email] => admin@gmail.com
    [password] => 12345
)

Email: admin@gmail.com
Password: 12345
Raw Input: Array
(
    [email] => yuli@gmail.com
    [password] => 12345
)

Email: yuli@gmail.com
Password: 12345
Raw Input: Array
(
    [email] => admin@gmail.com
    [password] => 12345
)

Email: admin@gmail.com
Password: 12345
Data: Array
(
    [id] => 15
    [name] => Admin
    [email] => admin@gmail.com
    [phone] => 081277338845
    [ktp_number] => 138428492847
    [password] => 12345
    [address] => Padang
    [role] => admin
)

Raw Input: Array
(
    [email] => admin@gmail.com
    [password] => 12345
)

Email: admin@gmail.com
Password: 12345
Raw Input: Array
(
    [email] => admin@gmail.com
    [password] => 12345
)

Email: admin@gmail.com
Password: 12345
Raw Input: Array
(
    [email] => admin@gmail.com
    [password] => 12345
)

Email: admin@gmail.com
Password: 12345
Raw Input: Array
(
    [email] => yuli@gmail.com
    [password] => 12345
)

Email: yuli@gmail.com
Password: 12345
Raw Input: Array
(
    [email] => admin@gmail.com
    [password] => 12345
)

Email: admin@gmail.com
Password: 12345
Data: Array
(
    [id] => 15
    [name] => Adminn
    [email] => admin@gmail.com
    [phone] => 081277338845
    [ktp_number] => 138428492847
    [password] => 12345
    [address] => Padang
    [role] => admin
)

Raw Input: Array
(
    [email] => admin@gmail.com
    [password] => 12345
)

Email: admin@gmail.com
Password: 12345
Data: Array
(
    [id] => 15
    [name] => Admin
    [email] => admin@gmail.com
    [phone] => 081277338845
    [ktp_number] => 138428492847
    [password] => 12345
    [address] => Padang
    [role] => admin
)

Data: Array
(
    [id] => 15
    [name] => Admin
    [email] => admin@gmail.com
    [phone] => 081277338845
    [ktp_number] => 138428492847
    [password] => 12345
    [address] => Padang
    [role] => admin
)

Data: Array
(
    [id] => 15
    [name] => Admin
    [email] => admin@gmail.com
    [phone] => 081277338845
    [ktp_number] => 138428492847
    [password] => 12345
    [address] => Padang
    [role] => admin
)

Data: Array
(
    [id] => 15
    [name] => caca
    [email] => admin@gmail.com
    [phone] => 081277338845
    [ktp_number] => 138428492847
    [password] => 12345
    [address] => Padang
    [role] => admin
)

Raw Input: Array
(
    [email] => admin@gmail.com
    [password] => 12345
)

Email: admin@gmail.com
Password: 12345
Data: Array
(
    [id] => 15
    [name] => admin
    [email] => admin@gmail.com
    [phone] => 081277338845
    [ktp_number] => 138428492847
    [password] => 12345
    [address] => Padang
    [role] => admin
)

Raw Input: Array
(
    [email] => admin@gmail.com
    [password] => 12345
)

Email: admin@gmail.com
Password: 12345
Data: Array
(
    [id] => 15
    [name] => lili
    [email] => admin@gmail.com
    [phone] => 081277338845
    [ktp_number] => 138428492847
    [password] => 12345
    [address] => Padang
    [role] => admin
)

Raw Input: Array
(
    [email] => admin@gmail.com
    [password] => 12345
)

Email: admin@gmail.com
Password: 12345
Data: Array
(
    [id] => 15
    [name] => lala
    [email] => admin@gmail.com
    [phone] => 081277338845
    [ktp_number] => 138428492847
    [password] => 12345
    [address] => Padang
    [role] => admin
)

Data: Array
(
    [id] => 15
    [name] => admin
    [email] => admin@gmail.com
    [phone] => 081277338845
    [ktp_number] => 138428492847
    [password] => 12345
    [address] => Padang
    [role] => admin
)

Raw Input: Array
(
    [email] => admin@gmail.com
    [password] => 12345
)

Email: admin@gmail.com
Password: 12345
Data: Array
(
    [id] => 15
    [name] => lala
    [email] => admin@gmail.com
    [phone] => 081277338845
    [ktp_number] => 138428492847
    [password] => 12345
    [address] => Padang
    [role] => admin
)

Raw Input: Array
(
    [email] => admin@gmail.com
    [password] => 12345
)

Email: admin@gmail.com
Password: 12345
Data: Array
(
    [id] => 
    [name] => 
    [email] => admin@gmail.com
    [phone] => 
    [ktp_number] => 081277338845
    [password] => 12345
    [address] => 
    [role] => 
)

Data: Array
(
    [id] => 
    [name] => 
    [email] => admin@gmail.com
    [phone] => 
    [ktp_number] => 081277338845
    [password] => 12345
    [address] => 
    [role] => 
)

Data: Array
(
    [id] => 
    [name] => 
    [email] => admin@gmail.com
    [phone] => 
    [ktp_number] => 081277338845
    [password] => 12345
    [address] => 
    [role] => 
)

Data: Array
(
    [id] => 
    [name] => 
    [email] => admin@gmail.com
    [phone] => 
    [ktp_number] => 081277338845
    [password] => 12345
    [address] => 
    [role] => 
)

Data: Array
(
    [id] => 
    [name] => 
    [email] => admin@gmail.com
    [phone] => 
    [ktp_number] => 081277338845
    [password] => 12345
    [address] => 
    [role] => 
)

Data: Array
(
    [id] => 
    [name] => 
    [email] => admin@gmail.com
    [phone] => 
    [ktp_number] => 081277338845
    [password] => 12345
    [address] => 
    [role] => 
)

Data: Array
(
    [id] => 
    [name] => 
    [email] => admin@gmail.com
    [phone] => 
    [ktp_number] => 081277338845
    [password] => 12345
    [address] => 
    [role] => 
)

Data: Array
(
    [id] => 
    [name] => 
    [email] => admin@gmail.com
    [phone] => 
    [ktp_number] => 081277338845
    [password] => 12345
    [address] => 
    [role] => 
)

Data: Array
(
    [id] => 
    [name] => 
    [email] => admin@gmail.com
    [phone] => 
    [ktp_number] => 081277338845
    [password] => 12345
    [address] => 
    [role] => 
)

Raw Input: Array
(
    [email] => admin@gmail.com
    [password] => 12345
)

Email: admin@gmail.com
Password: 12345
Data: Array
(
    [id] => 
    [name] => 
    [email] => admin@gmail.com
    [phone] => 
    [ktp_number] => 081277338845
    [password] => 12345
    [address] => 
    [role] => 
)

Data: Array
(
    [id] => 
    [name] => 
    [email] => admin@gmail.com
    [phone] => 
    [ktp_number] => 081277338845
    [password] => 12345
    [address] => 
    [role] => 
)

Data: Array
(
    [id] => 
    [name] => 
    [email] => admin@gmail.com
    [phone] => 
    [ktp_number] => 081277338845
    [password] => 12345
    [address] => 
    [role] => 
)

Data: Array
(
    [id] => 
    [name] => 
    [email] => admin@gmail.com
    [phone] => 
    [ktp_number] => 081277338845
    [password] => 12345
    [address] => 
    [role] => 
)

Raw Input: Array
(
    [email] => admin@gmail.com
    [password] => 12345
)

Email: admin@gmail.com
Password: 12345
Raw Input: Array
(
    [email] => admin@gmail.com
    [password] => 12345
)

Email: admin@gmail.com
Password: 12345
Data: Array
(
    [id] => 
    [name] => 
    [email] => admin@gmail.com
    [phone] => 
    [ktp_number] => 081277338845
    [password] => 12345
    [address] => 
    [role] => 
)

Data: Array
(
    [id] => 
    [name] => 
    [email] => admin@gmail.com
    [phone] => 
    [ktp_number] => 081277338845
    [password] => 12345
    [address] => 
    [role] => 
)

Raw Input: Array
(
    [email] => admin@gmail.com
    [password] => 12345
)

Email: admin@gmail.com
Password: 12345
Data: Array
(
    [id] => 
    [name] => 
    [email] => admin@gmail.com
    [phone] => 
    [ktp_number] => 081277338845
    [password] => 12345
    [address] => 
    [role] => 
)

Data: Array
(
    [id] => 
    [name] => 
    [email] => admin@gmail.com
    [phone] => 
    [ktp_number] => 081277338845
    [password] => 12345
    [address] => 
    [role] => 
)

Raw Input: Array
(
    [email] => admin@gmail.com
    [password] => 12345
)

Email: admin@gmail.com
Password: 12345
Raw Input: Array
(
    [email] => admin@gmail.com
    [password] => 12345
)

Email: admin@gmail.com
Password: 12345
Raw Input: Array
(
    [email] => admin@gmail.com
    [password] => 12345
)

Email: admin@gmail.com
Password: 12345
Raw Input: Array
(
    [email] => admin@gmail.com
    [password] => 12345
)

Email: admin@gmail.com
Password: 12345
Raw Input: Array
(
    [email] => admin@gmail.com
    [password] => 12345
)

Email: admin@gmail.com
Password: 12345
Raw Input: Array
(
    [email] => yuli@gmail.com
    [password] => 12345
)

Email: yuli@gmail.com
Password: 12345
Raw Input: Array
(
    [email] => yuli@gmail.com
    [password] => 12345
)

Email: yuli@gmail.com
Password: 12345
Raw Input: Array
(
    [email] => yuli@gmail.com
    [password] => 12345
)

Email: yuli@gmail.com
Password: 12345
Raw Input: Array
(
    [email] => yuli@gmail.com
    [password] => 12345
)

Email: yuli@gmail.com
Password: 12345
Raw Input: Array
(
    [email] => yuli@gmail.com
    [password] => 12345
)

Email: yuli@gmail.com
Password: 12345
Raw Input: Array
(
    [email] => yuli@gmail.com
    [password] => 12345
)

Email: yuli@gmail.com
Password: 12345
Raw Input: Array
(
    [email] => yuli@gmail.com
    [password] => 12345
)

Email: yuli@gmail.com
Password: 12345
Raw Input: Array
(
    [email] => yuli@gmail.com
    [password] => 12345
)

Email: yuli@gmail.com
Password: 12345
Raw Input: Array
(
    [email] => yuli@gmail.com
    [password] => 12345
)

Email: yuli@gmail.com
Password: 12345
Raw Input: Array
(
    [email] => yuli@gmail.com
    [password] => 12345
)

Email: yuli@gmail.com
Password: 12345
Raw Input: Array
(
    [email] => yuli@gmail.com
    [password] => 12345
)

Email: yuli@gmail.com
Password: 12345
Raw Input: Array
(
    [email] => yuli@gmail.com
    [password] => 12345
)

Email: yuli@gmail.com
Password: 12345
Raw Input: Array
(
    [email] => admin@gmail.com
    [password] => 12345
)

Email: admin@gmail.com
Password: 12345
Raw Input: Array
(
    [email] => yuli@gmail.com
    [password] => 12345
)

Email: yuli@gmail.com
Password: 12345
Raw Input: Array
(
    [email] => yuli@gmail.com
    [password] => 12345
)

Email: yuli@gmail.com
Password: 12345
Raw Input: Array
(
    [email] => lili@gmail.com
    [password] => 12345
)

Email: lili@gmail.com
Password: 12345
Name: Yuli
Email: yuli@gmail.com
Phone: 081266882299
KTP: 139294839843
Password: 12345
Address: Padang
Role: user
Raw Input: Array
(
    [email] => yuli@gmail.com
    [password] => 12345
)

Email: yuli@gmail.com
Password: 12345
Raw Input: Array
(
    [email] => yuli@gmai.com
    [password] => 12345
)

Email: yuli@gmai.com
Password: 12345
Raw Input: Array
(
    [email] => yuli@gmail.com
    [password] => 12345
)

Email: yuli@gmail.com
Password: 12345
Name: Test
Email: test@gmail.com
Phone: 081293827323
KTP: 138273828372
Password: 12345
Address: Padang
Role: user
Raw Input: Array
(
    [email] => test@gmail.com
    [password] => 12345
)

Email: test@gmail.com
Password: 12345
Raw Input: Array
(
    [email] => test@gmail.com
    [password] => 12345
)

Email: test@gmail.com
Password: 12345
Raw Input: Array
(
    [email] => test@gmail.com
    [password] => 12345
)

Email: test@gmail.com
Password: 12345
Raw Input: Array
(
    [email] => test@gmail.com
    [password] => 12345
)

Email: test@gmail.com
Password: 12345
Raw Input: Array
(
    [email] => test@gmail.com
    [password] => 12345
)

Email: test@gmail.com
Password: 12345
Raw Input: Array
(
    [email] => test@gmail.com
    [password] => 12345
)

Email: test@gmail.com
Password: 12345
Raw Input: Array
(
    [email] => test@gmail.com
    [password] => 12345
)

Email: test@gmail.com
Password: 12345
Raw Input: Array
(
    [email] => test@gmail.com
    [password] => 12345
)

Email: test@gmail.com
Password: 12345
Raw Input: Array
(
    [email] => test@gmail.com
    [password] => 12345
)

Email: test@gmail.com
Password: 12345
Raw Input: Array
(
    [email] => test@gmail.com
    [password] => 12345
)

Email: test@gmail.com
Password: 12345
Raw Input: Array
(
    [email] => admin@gmail.com
    [password] => 12345
)

Email: admin@gmail.com
Password: 12345
Raw Input: Array
(
    [email] => test@gmail.com
    [password] => 12345
)

Email: test@gmail.com
Password: 12345
Raw Input: Array
(
    [email] => test@gmail.com
    [password] => 12345
)

Email: test@gmail.com
Password: 12345
Raw Input: Array
(
    [email] => admin@gmail.com
    [password] => 12345
)

Email: admin@gmail.com
Password: 12345
Raw Input: Array
(
    [email] => admin@gmail.com
    [password] => 12345
)

Email: admin@gmail.com
Password: 12345
Name: Yuli
Email: yuli@gmail.com
Phone: 081299337744
KTP: 138294038492
Password: 12345
Address: Padang
Role: user
Name: Yuli
Email: yuli@gmail.com
Phone: 081299337744
KTP: 138294038492
Password: 12345
Address: Padang
Role: user
Name: Yuli
Email: yuli@gmail.com
Phone: 081277338844
KTP: 130247488787
Password: 12345
Address: Padang
Role: user
Name: Nazima
Email: zizi@gmail.com
Phone: 081277338844
KTP: 130247488787
Password: 12345
Address: Padang
Role: user
Raw Input: Array
(
    [email] => nazima@gmail.com
    [password] => 12345
)

Email: nazima@gmail.com
Password: 12345
Raw Input: Array
(
    [email] => zizi@gmail.com
    [password] => 12345
)

Email: zizi@gmail.com
Password: 12345
Raw Input: Array
(
    [email] => zizi@gmail.com
    [password] => 12345
)

Email: zizi@gmail.com
Password: 12345
Raw Input: Array
(
    [email] => zizi@gmail.com
    [password] => 12345
)

Email: zizi@gmail.com
Password: 12345
Raw Input: Array
(
    [email] => admin@gmail.com
    [password] => 12345
)

Email: admin@gmail.com
Password: 12345
Raw Input: Array
(
    [email] => yuli@gmail.com
    [password] => 12345
)

Email: yuli@gmail.com
Password: 12345
Raw Input: Array
(
    [email] => admin@gmail.com
    [password] => 12345
)

Email: admin@gmail.com
Password: 12345
Raw Input: Array
(
    [email] => lili@gmail.com
    [password] => 12345
)

Email: lili@gmail.com
Password: 12345
Name: Caca 
Email: caca@gmail.com
Phone: 082266885533
KTP: 13975478655788
Password: 12345
Address: Padang 
Role: user
Raw Input: Array
(
    [email] => caca@gmail.com
    [password] => 12345
)

Email: caca@gmail.com
Password: 12345
Name: Wulandari 
Email: wulan@gmail.com
Phone: 081266994456
KTP: 1386588754478897
Password: 12345
Address: Padang 
Role: user
Raw Input: Array
(
    [email] => wulan@gmail.com
    [password] => 12345
)

Email: wulan@gmail.com
Password: 12345
Raw Input: Array
(
    [email] => admin@gmail.com
    [password] => 12345
)

Email: admin@gmail.com
Password: 12345
Raw Input: Array
(
    [email] => caca@gmail.com
    [password] => 12345
)

Email: caca@gmail.com
Password: 12345
Raw Input: Array
(
    [email] => wulan@gmail.com
    [password] => 12345
)

Email: wulan@gmail.com
Password: 12345
Raw Input: Array
(
    [email] => admin@gmail.com
    [password] => 12345
)

Email: admin@gmail.com
Password: 12345
Raw Input: Array
(
    [email] => yuli@gmail.com
    [password] => 12345
)

Email: yuli@gmail.com
Password: 12345
Raw Input: Array
(
    [email] => admin@gmail.com
    [password] => 12345
)

Email: admin@gmail.com
Password: 12345
Raw Input: Array
(
    [email] => azima@gmail.com
    [password] => 12345
)

Email: azima@gmail.com
Password: 12345
Raw Input: Array
(
    [email] => nazima@gmail.com
    [password] => 12345
)

Email: nazima@gmail.com
Password: 12345
Name: Yuli
Email: yuli@gmail.com
Phone: 081377339922
KTP: 13948203891838
Password: 12345
Address: padang
Role: user
Name: Yuli
Email: yuli@mail.com
Phone: 081377339922
KTP: 13948203891838
Password: 12345
Address: padang
Role: user
Raw Input: Array
(
    [email] => yui@mail.com
    [password] => 12345
)

Email: yui@mail.com
Password: 12345
Raw Input: Array
(
    [email] => yuli@mail.com
    [password] => 12345
)

Email: yuli@mail.com
Password: 12345
Raw Input: Array
(
    [email] => nazima@gmail.com
    [password] => 12345
)

Email: nazima@gmail.com
Password: 12345
Raw Input: Array
(
    [email] => yuli@mail.com
    [password] => 12345
)

Email: yuli@mail.com
Password: 12345
Raw Input: Array
(
    [email] => yuli@mail.com
    [password] => 12345
)

Email: yuli@mail.com
Password: 12345
Raw Input: Array
(
    [email] => yuli@mail.com
    [password] => 12345
)

Email: yuli@mail.com
Password: 12345
Raw Input: Array
(
    [email] => yuli@mail.com
    [password] => 12345
)

Email: yuli@mail.com
Password: 12345
